<?xml version="1.0" encoding="UTF-8"?>
<!-- Generated by org.testng.reporters.JUnitXMLReporter -->
<testsuite ignored="3" hostname="Anik" failures="0" tests="1" name="Default test" time="103.882" errors="0" timestamp="2023-05-11T16:18:36 CDT">
  <testcase classname="auto.AutoTest" name="selectMenuBtnTest" time="98.382"/>
  <testcase classname="auto.AutoTest" name="clickContinueShoppingTest" time="0.0">
    <ignored/>
  </testcase> <!-- clickContinueShoppingTest -->
  <testcase classname="auto.AutoTest" name="insertMsgInSrhbarTest" time="0.0">
    <ignored/>
  </testcase> <!-- insertMsgInSrhbarTest -->
  <testcase classname="auto.AutoTest" name="orderNowButtonTest" time="0.0">
    <ignored/>
  </testcase> <!-- orderNowButtonTest -->
</testsuite> <!-- Default test -->
