<?xml version="1.0" encoding="UTF-8"?>
<testng-results ignored="2" total="3" passed="1" failed="0" skipped="0">
  <reporter-output>
    <line>
      <![CDATA[Proxy element for: DefaultElementLocator 'By.xpath: //a[@class="menu-trigger"]'<<<<<<<Has been clicked>>>>>>>><br]]>
    </line>
    <line>
      <![CDATA[[[ChromeDriver: chrome on WINDOWS (5ef6970372b09cf029cd109f44ec1c61)] -> xpath: //span[text()='Find Care']]<<<<<<<Has been clicked>>>>>>>><br]]>
    </line>
    <line>
      <![CDATA[[[ChromeDriver: chrome on WINDOWS (5ef6970372b09cf029cd109f44ec1c61)] -> xpath: //a[text()='Medicare']]<<<<<<<Has been clicked>>>>>>>><br]]>
    </line>
    <line>
      <![CDATA[[[ChromeDriver: chrome on WINDOWS (5ef6970372b09cf029cd109f44ec1c61)] -> xpath: //span[text()='Get started']]<<<<<<<Has been clicked>>>>>>>><br]]>
    </line>
  </reporter-output>
  <suite started-at="2023-05-19T11:01:41 CDT" name="Default suite" finished-at="2023-05-19T11:02:19 CDT" duration-ms="38639">
    <groups>
    </groups>
    <test started-at="2023-05-19T11:01:41 CDT" name="Default test" finished-at="2023-05-19T11:02:19 CDT" duration-ms="38639">
      <class name="auto.AutoTest">
        <test-method is-config="true" signature="initiateReport()[pri:0, instance:auto.AutoTest@2a7f1f10]" started-at="2023-05-19T11:01:40 CDT" name="initiateReport" finished-at="2023-05-19T11:01:41 CDT" duration-ms="188" status="PASS">
          <reporter-output>
          </reporter-output>
        </test-method> <!-- initiateReport -->
        <test-method is-config="true" signature="createTest(java.lang.reflect.Method)[pri:0, instance:auto.AutoTest@2a7f1f10]" started-at="2023-05-19T11:01:41 CDT" name="createTest" finished-at="2023-05-19T11:01:41 CDT" duration-ms="7" status="PASS">
          <params>
            <param index="0">
              <value>
                <![CDATA[public void auto.AutoTest.clickFind_Care_Btn_Test()]]>
              </value>
            </param>
          </params>
          <reporter-output>
          </reporter-output>
        </test-method> <!-- createTest -->
        <test-method is-config="true" signature="beforeEachTest(java.lang.String)[pri:0, instance:auto.AutoTest@2a7f1f10]" started-at="2023-05-19T11:01:41 CDT" name="beforeEachTest" finished-at="2023-05-19T11:01:45 CDT" duration-ms="4133" status="PASS">
          <params>
            <param index="0">
              <value>
                <![CDATA[Opera]]>
              </value>
            </param>
          </params>
          <reporter-output>
          </reporter-output>
        </test-method> <!-- beforeEachTest -->
        <test-method signature="clickFind_Care_Btn_Test()[pri:0, instance:auto.AutoTest@2a7f1f10]" started-at="2023-05-19T11:01:45 CDT" name="clickFind_Care_Btn_Test" finished-at="2023-05-19T11:02:19 CDT" duration-ms="34286" status="PASS">
          <reporter-output>
            <line>
              <![CDATA[Proxy element for: DefaultElementLocator 'By.xpath: //a[@class="menu-trigger"]'<<<<<<<Has been clicked>>>>>>>><br]]>
            </line>
            <line>
              <![CDATA[[[ChromeDriver: chrome on WINDOWS (5ef6970372b09cf029cd109f44ec1c61)] -> xpath: //span[text()='Find Care']]<<<<<<<Has been clicked>>>>>>>><br]]>
            </line>
            <line>
              <![CDATA[[[ChromeDriver: chrome on WINDOWS (5ef6970372b09cf029cd109f44ec1c61)] -> xpath: //a[text()='Medicare']]<<<<<<<Has been clicked>>>>>>>><br]]>
            </line>
            <line>
              <![CDATA[[[ChromeDriver: chrome on WINDOWS (5ef6970372b09cf029cd109f44ec1c61)] -> xpath: //span[text()='Get started']]<<<<<<<Has been clicked>>>>>>>><br]]>
            </line>
          </reporter-output>
        </test-method> <!-- clickFind_Care_Btn_Test -->
        <test-method is-config="true" signature="aftereEachTest(org.testng.ITestResult,java.lang.reflect.Method)[pri:0, instance:auto.AutoTest@2a7f1f10]" started-at="2023-05-19T11:02:19 CDT" name="aftereEachTest" finished-at="2023-05-19T11:02:19 CDT" duration-ms="1" status="PASS">
          <params>
            <param index="0">
              <value>
                <![CDATA[[TestResult name=clickFind_Care_Btn_Test status=SUCCESS method=AutoTest.clickFind_Care_Btn_Test()[pri:0, instance:auto.AutoTest@2a7f1f10] output=Proxy element for: DefaultElementLocator 'By.xpath: //a[@class="menu-trigger"]'<<<<<<<Has been clicked>>>>>>>><br]]]>
              </value>
            </param>
            <param index="1">
              <value>
                <![CDATA[public void auto.AutoTest.clickFind_Care_Btn_Test()]]>
              </value>
            </param>
          </params>
          <reporter-output>
          </reporter-output>
        </test-method> <!-- aftereEachTest -->
        <test-method is-config="true" signature="closingBrowser()[pri:0, instance:auto.AutoTest@2a7f1f10]" started-at="2023-05-19T11:02:19 CDT" name="closingBrowser" finished-at="2023-05-19T11:02:19 CDT" duration-ms="183" status="PASS">
          <reporter-output>
          </reporter-output>
        </test-method> <!-- closingBrowser -->
        <test-method is-config="true" signature="closingReport()[pri:0, instance:auto.AutoTest@2a7f1f10]" started-at="2023-05-19T11:02:19 CDT" name="closingReport" finished-at="2023-05-19T11:02:19 CDT" duration-ms="253" status="PASS">
          <reporter-output>
          </reporter-output>
        </test-method> <!-- closingReport -->
      </class> <!-- auto.AutoTest -->
    </test> <!-- Default test -->
  </suite> <!-- Default suite -->
</testng-results>
